
Showing logs for build [32mcb-kubecd-environment-pr-1433-4-hblts-1[0m stage [32mfrom-build-pack[0m and container [32mstep-credential-initializer-vx5mx[0m
{"level":"info","ts":1587576218.086766,"logger":"fallback-logger","caller":"logging/config.go:69","msg":"Fetch GitHub commit ID from kodata failed: open /var/run/ko/refs/heads/0.8.0-ns-support: no such file or directory"}
{"level":"info","ts":1587576218.0875022,"logger":"fallback-logger","caller":"creds-init/main.go:40","msg":"Credentials initialized."}

Showing logs for build [32mcb-kubecd-environment-pr-1433-4-hblts-1[0m stage [32mfrom-build-pack[0m and container [32mstep-working-dir-initializer-lt5g4[0m
{"level":"info","ts":1587576219.1284513,"logger":"fallback-logger","caller":"logging/config.go:69","msg":"Fetch GitHub commit ID from kodata failed: open /var/run/ko/HEAD: no such file or directory"}
{"level":"info","ts":1587576219.129907,"logger":"fallback-logger","caller":"bash/main.go:64","msg":"Successfully executed command \"sh -c mkdir -p /workspace/source\"; output "}

Showing logs for build [32mcb-kubecd-environment-pr-1433-4-hblts-1[0m stage [32mfrom-build-pack[0m and container [32mstep-place-tools[0m

Showing logs for build [32mcb-kubecd-environment-pr-1433-4-hblts-1[0m stage [32mfrom-build-pack[0m and container [32mstep-git-source-cb-kubecd-environment-pr-1433-4-hblts-mcdm5[0m
{"level":"info","ts":1587576225.352583,"logger":"fallback-logger","caller":"logging/config.go:69","msg":"Fetch GitHub commit ID from kodata failed: open /var/run/ko/refs/heads/0.8.0-ns-support: no such file or directory"}
{"level":"info","ts":1587576226.4120526,"logger":"fallback-logger","caller":"git/git.go:103","msg":"Successfully cloned https://github.com/cb-kubecd/environment-pr-1433-4-bdd-frontend-staging.git @ master in path /workspace/source"}

Showing logs for build [32mcb-kubecd-environment-pr-1433-4-hblts-1[0m stage [32mfrom-build-pack[0m and container [32mstep-git-merge[0m
Using SHAs from PULL_REFS=master:730db31998c15a3833d4116aa2c615e5f49c0588,1:df75bdc45a71fbdbb174a5466f09fec09f786a41
DEBUG: LC_ALL=C JX_LOG_LEVEL=error git fetch origin --unshallow df75bdc45a71fbdbb174a5466f09fec09f786a41: 730db31998c15a3833d4116aa2c615e5f49c0588:
DEBUG: ran git fetch --unshallow origin df75bdc45a71fbdbb174a5466f09fec09f786a41: 730db31998c15a3833d4116aa2c615e5f49c0588: in 
DEBUG: LC_ALL=C JX_LOG_LEVEL=error git branch
DEBUG: LC_ALL=C JX_LOG_LEVEL=error git checkout master
DEBUG: ran git checkout master in 
DEBUG: LC_ALL=C JX_LOG_LEVEL=error git reset --hard 730db31998c15a3833d4116aa2c615e5f49c0588
DEBUG: ran git reset --hard 730db31998c15a3833d4116aa2c615e5f49c0588 in 
DEBUG: LC_ALL=C JX_LOG_LEVEL=error git clean -fd .
DEBUG: ran clean --force -d . in 
DEBUG: LC_ALL=C JX_LOG_LEVEL=error git merge df75bdc45a71fbdbb174a5466f09fec09f786a41
DEBUG: ran git merge df75bdc45a71fbdbb174a5466f09fec09f786a41 in 
DEBUG: LC_ALL=C JX_LOG_LEVEL=error git log --format=%H%x1f%an%x1f%ae%x1f%cn%x1f%ce%x1f%s%n%b%x1e 730db31998c15a3833d4116aa2c615e5f49c0588..HEAD
Merged SHA df75bdc45a71fbdbb174a5466f09fec09f786a41 with commit message 'chore: Promote bdd-nh-1587575123 to version 0.0.1' into base branch master

Showing logs for build [32mcb-kubecd-environment-pr-1433-4-hblts-1[0m stage [32mfrom-build-pack[0m and container [32mstep-build-helm-build[0m
WARNING: No $CHART_REPOSITORY defined so using the default value of: http://jenkins-x-chartmuseum:8080
Adding missing Helm repo: storage.googleapis.com https://storage.googleapis.com/chartmuseum.jenkins-x.io
WARNING: No secrets found on "helm/repos" due: reading the secret "helm/repos" from vault: no secret "helm/repos" not found in vault
Read credentials for https://storage.googleapis.com/chartmuseum.jenkins-x.io from vault helm/repos
Successfully added Helm repository storage.googleapis.com.
Adding missing Helm repo: jenkins-x-chartmuseum http://jenkins-x-chartmuseum:8080
WARNING: No secrets found on "helm/repos" due: reading the secret "helm/repos" from vault: no secret "helm/repos" not found in vault
Read credentials for http://jenkins-x-chartmuseum:8080 from vault helm/repos
Successfully added Helm repository jenkins-x-chartmuseum.
WARNING: No $CHART_REPOSITORY defined so using the default value of: http://jenkins-x-chartmuseum:8080
Adding missing Helm repo: chartmuseum.jenkins-x.io http://chartmuseum.jenkins-x.io
WARNING: No secrets found on "helm/repos" due: reading the secret "helm/repos" from vault: no secret "helm/repos" not found in vault
Read credentials for http://chartmuseum.jenkins-x.io from vault helm/repos
Successfully added Helm repository chartmuseum.jenkins-x.io.
